This is pdfTeX, Version 3.141592653-2.6-1.40.24 (TeX Live 2022) (preloaded format=pdflatex 2022.6.14)  7 OCT 2022 01:30
entering extended mode
 restricted \write18 enabled.
 file:line:error style messages enabled.
 %&-line parsing enabled.
**/Users/anasouza/ppgeb_masters/thesis_v2/versao_em_portugues_latex/ppgeb_mestrado.tex
(/Users/anasouza/ppgeb_masters/thesis_v2/versao_em_portugues_latex/ppgeb_mestrado.tex
LaTeX2e <2021-11-15> patch level 1
L3 programming layer <2022-02-24> (./ppgeb.cls (/usr/local/texlive/2022/texmf-dist/tex/latex/acronym/acronym.sty
Package: acronym 2020/04/17 v1.47 Support for acronyms (Tobias Oetiker)
 (/usr/local/texlive/2022/texmf-dist/tex/latex/bigfoot/suffix.sty
Package: suffix 2006/07/15 1.5a Variant command support
) (/usr/local/texlive/2022/texmf-dist/tex/generic/xstring/xstring.sty (/usr/local/texlive/2022/texmf-dist/tex/generic/xstring/xstring.tex
\integerpart=\count185
\decimalpart=\count186
)
Package: xstring 2021/07/21 v1.84 String manipulations (CT)
)
\AC@clearlist=\toks16
) (/usr/local/texlive/2022/texmf-dist/tex/latex/amsmath/amsmath.sty
Package: amsmath 2021/10/15 v2.17l AMS math features
\@mathmargin=\skip47

For additional information on amsmath, use the `?' option.
(/usr/local/texlive/2022/texmf-dist/tex/latex/amsmath/amstext.sty
Package: amstext 2021/08/26 v2.01 AMS text
 (/usr/local/texlive/2022/texmf-dist/tex/latex/amsmath/amsgen.sty
File: amsgen.sty 1999/11/30 v2.0 generic functions
\@emptytoks=\toks17
\ex@=\dimen138
)) (/usr/local/texlive/2022/texmf-dist/tex/latex/amsmath/amsbsy.sty
Package: amsbsy 1999/11/29 v1.2d Bold Symbols
\pmbraise@=\dimen139
) (/usr/local/texlive/2022/texmf-dist/tex/latex/amsmath/amsopn.sty
Package: amsopn 2021/08/26 v2.02 operator names
)
\inf@bad=\count187
LaTeX Info: Redefining \frac on input line 234.
\uproot@=\count188
\leftroot@=\count189
LaTeX Info: Redefining \overline on input line 399.
\classnum@=\count190
\DOTSCASE@=\count191
LaTeX Info: Redefining \ldots on input line 496.
LaTeX Info: Redefining \dots on input line 499.
LaTeX Info: Redefining \cdots on input line 620.
\Mathstrutbox@=\box50
\strutbox@=\box51
\big@size=\dimen140
LaTeX Font Info:    Redeclaring font encoding OML on input line 743.
LaTeX Font Info:    Redeclaring font encoding OMS on input line 744.
\macc@depth=\count192
\c@MaxMatrixCols=\count193
\dotsspace@=\muskip16
\c@parentequation=\count194
\dspbrk@lvl=\count195
\tag@help=\toks18
\row@=\count196
\column@=\count197
\maxfields@=\count198
\andhelp@=\toks19
\eqnshift@=\dimen141
\alignsep@=\dimen142
\tagshift@=\dimen143
\tagwidth@=\dimen144
\totwidth@=\dimen145
\lineht@=\dimen146
\@envbody=\toks20
\multlinegap=\skip48
\multlinetaggap=\skip49
\mathdisplay@stack=\toks21
LaTeX Info: Redefining \[ on input line 2938.
LaTeX Info: Redefining \] on input line 2939.
) (/usr/local/texlive/2022/texmf-dist/tex/latex/amsfonts/amssymb.sty
Package: amssymb 2013/01/14 v3.01 AMS font symbols
 (/usr/local/texlive/2022/texmf-dist/tex/latex/amsfonts/amsfonts.sty
Package: amsfonts 2013/01/14 v3.01 Basic AMSFonts support
\symAMSa=\mathgroup4
\symAMSb=\mathgroup5
LaTeX Font Info:    Redeclaring math symbol \hbar on input line 98.
LaTeX Font Info:    Overwriting math alphabet `\mathfrak' in version `bold'
(Font)                  U/euf/m/n --> U/euf/b/n on input line 106.
)) (/usr/local/texlive/2022/texmf-dist/tex/generic/babel/babel.sty
Package: babel 2022/02/26 3.73 The Babel package
\babel@savecnt=\count199
\U@D=\dimen147
\l@unhyphenated=\language87
 (/usr/local/texlive/2022/texmf-dist/tex/generic/babel/txtbabel.def)
\bbl@readstream=\read2
\bbl@dirlevel=\count266
 (/usr/local/texlive/2022/texmf-dist/tex/generic/babel-portuges/brazil.ldf
Language: portuges 2021/07/09 v1.2t Portuguese support from the babel system
Package babel Info: Hyphen rules for 'brazil' set to \l@portuguese
(babel)             (\language70). Reported on input line 111.
Package babel Info: Making " an active character on input line 143.
)) (/usr/local/texlive/2022/texmf-dist/tex/latex/pdfpages/pdfpages.sty
Package: pdfpages 2022/01/29 v0.5u Insert pages of external PDF documents (AM)
 (/usr/local/texlive/2022/texmf-dist/tex/latex/base/ifthen.sty
Package: ifthen 2020/11/24 v1.1c Standard LaTeX ifthen package (DPC)
) (/usr/local/texlive/2022/texmf-dist/tex/latex/tools/calc.sty
Package: calc 2017/05/25 v4.3 Infix arithmetic (KKT,FJ)
\calc@Acount=\count267
\calc@Bcount=\count268
\calc@Adimen=\dimen148
\calc@Bdimen=\dimen149
\calc@Askip=\skip50
\calc@Bskip=\skip51
LaTeX Info: Redefining \setlength on input line 80.
LaTeX Info: Redefining \addtolength on input line 81.
\calc@Ccount=\count269
\calc@Cskip=\skip52
) (/usr/local/texlive/2022/texmf-dist/tex/latex/eso-pic/eso-pic.sty
Package: eso-pic 2020/10/14 v3.0a eso-pic (RN)
\ESO@tempdima=\dimen150
\ESO@tempdimb=\dimen151
 (/usr/local/texlive/2022/texmf-dist/tex/latex/graphics/keyval.sty
Package: keyval 2014/10/28 v1.15 key=value parser (DPC)
\KV@toks@=\toks22
) (/usr/local/texlive/2022/texmf-dist/tex/latex/xcolor/xcolor.sty
Package: xcolor 2021/10/31 v2.13 LaTeX color extensions (UK)
 (/usr/local/texlive/2022/texmf-dist/tex/latex/graphics-cfg/color.cfg
File: color.cfg 2016/01/02 v1.6 sample color configuration
)
Package xcolor Info: Driver file: pdftex.def on input line 227.
 (/usr/local/texlive/2022/texmf-dist/tex/latex/graphics-def/pdftex.def
File: pdftex.def 2020/10/05 v1.2a Graphics/color driver for pdftex
)
Package xcolor Info: Model `cmy' substituted by `cmy0' on input line 1352.
Package xcolor Info: Model `hsb' substituted by `rgb' on input line 1356.
Package xcolor Info: Model `RGB' extended on input line 1368.
Package xcolor Info: Model `HTML' substituted by `rgb' on input line 1370.
Package xcolor Info: Model `Hsb' substituted by `hsb' on input line 1371.
Package xcolor Info: Model `tHsb' substituted by `hsb' on input line 1372.
Package xcolor Info: Model `HSB' substituted by `hsb' on input line 1373.
Package xcolor Info: Model `Gray' substituted by `gray' on input line 1374.
Package xcolor Info: Model `wave' substituted by `hsb' on input line 1375.
)) (/usr/local/texlive/2022/texmf-dist/tex/latex/graphics/graphicx.sty
Package: graphicx 2021/09/16 v1.2d Enhanced LaTeX Graphics (DPC,SPQR)
 (/usr/local/texlive/2022/texmf-dist/tex/latex/graphics/graphics.sty
Package: graphics 2021/03/04 v1.4d Standard LaTeX Graphics (DPC,SPQR)
 (/usr/local/texlive/2022/texmf-dist/tex/latex/graphics/trig.sty
Package: trig 2021/08/11 v1.11 sin cos tan (DPC)
) (/usr/local/texlive/2022/texmf-dist/tex/latex/graphics-cfg/graphics.cfg
File: graphics.cfg 2016/06/04 v1.11 sample graphics configuration
)
Package graphics Info: Driver file: pdftex.def on input line 107.
)
\Gin@req@height=\dimen152
\Gin@req@width=\dimen153
)
\AM@pagewidth=\dimen154
\AM@pageheight=\dimen155
\AM@fboxrule=\dimen156
 (/usr/local/texlive/2022/texmf-dist/tex/latex/pdfpages/pppdftex.def
File: pppdftex.def 2022/01/29 v0.5u Pdfpages driver for pdfTeX (AM)
)
\pdfpages@includegraphics@status=\count270
\AM@pagebox=\box52
\AM@global@opts=\toks23
\AM@pagecnt=\count271
\AM@toc@title=\toks24
\c@AM@survey=\count272
\AM@templatesizebox=\box53
) (/usr/local/texlive/2022/texmf-dist/tex/latex/tools/enumerate.sty
Package: enumerate 2015/07/23 v3.00 enumerate extensions (DPC)
\@enLab=\toks25
) (/usr/local/texlive/2022/texmf-dist/tex/latex/base/inputenc.sty
Package: inputenc 2021/02/14 v1.3d Input encoding file
\inpenc@prehook=\toks26
\inpenc@posthook=\toks27
) (/usr/local/texlive/2022/texmf-dist/tex/latex/bold-extra/bold-extra.sty
Package: bold-extra 2001/11/13 v0.1 Use fonts from cm/mf-extra/bold
) (/usr/local/texlive/2022/texmf-dist/tex/latex/lastpage/lastpage.sty
Package: lastpage 2021/09/03 v1.2n Refers to last page's name (HMM; JPG)
) (/usr/local/texlive/2022/texmf-dist/tex/latex/tools/tabularx.sty
Package: tabularx 2020/01/15 v2.11c `tabularx' package (DPC)
 (/usr/local/texlive/2022/texmf-dist/tex/latex/tools/array.sty
Package: array 2021/10/04 v2.5f Tabular extension package (FMi)
\col@sep=\dimen157
\ar@mcellbox=\box54
\extrarowheight=\dimen158
\NC@list=\toks28
\extratabsurround=\skip53
\backup@length=\skip54
\ar@cellbox=\box55
)
\TX@col@width=\dimen159
\TX@old@table=\dimen160
\TX@old@col=\dimen161
\TX@target=\dimen162
\TX@delta=\dimen163
\TX@cols=\count273
\TX@ftn=\toks29
) (/usr/local/texlive/2022/texmf-dist/tex/latex/base/flafter.sty
Package: flafter 2021/07/31 v1.4e Standard LaTeX floats after reference (FMi)
Applying: [2015/01/01] float order in 2-column on input line 49.
Already applied: [0000/00/00] float order in 2-column on input line 151.
) (/usr/local/texlive/2022/texmf-dist/tex/latex/carlisle/scalefnt.sty) (/usr/local/texlive/2022/texmf-dist/tex/latex/tools/indentfirst.sty
Package: indentfirst 1995/11/23 v1.03 Indent first paragraph (DPC)
) (/usr/local/texlive/2022/texmf-dist/tex/latex/trivfloat/trivfloat.sty
Package: trivfloat 2009/04/23 v1.4 Quick floats in LaTeX
 (/usr/local/texlive/2022/texmf-dist/tex/latex/float/float.sty
Package: float 2001/11/08 v1.3d Float enhancements (AL)
\c@float@type=\count274
\float@exts=\toks30
\float@box=\box56
\@float@everytoks=\toks31
\@floatcapt=\box57
)
\c@tfl@float@cnt=\count275
LaTeX Info: Redefining \tfl@uppercase on input line 223.
) (/usr/local/texlive/2022/texmf-dist/tex/latex/chngcntr/chngcntr.sty
Package: chngcntr 2018/04/09 v1.1a change counter resetting
Package chngcntr Info: \counterwithout already defined.
(chngcntr)             Quitting chngcntr on input line 21.
)
\@float@every@quadro=\toks32

Document Class: ppgeb 2019/01/30 v1.0 Standard LaTeX document class
(/usr/local/texlive/2022/texmf-dist/tex/latex/base/size12.clo
File: size12.clo 2021/10/04 v1.4n Standard LaTeX file (size option)
)
\c@part=\count276
\c@chapter=\count277
\c@section=\count278
\c@subsection=\count279
\c@subsubsection=\count280
\c@paragraph=\count281
\c@subparagraph=\count282
\c@figure=\count283
\c@table=\count284
\abovecaptionskip=\skip55
\belowcaptionskip=\skip56
\bibindent=\dimen164
) (/usr/local/texlive/2022/texmf-dist/tex/latex/geometry/geometry.sty
Package: geometry 2020/01/02 v5.9 Page Geometry
 (/usr/local/texlive/2022/texmf-dist/tex/generic/iftex/ifvtex.sty
Package: ifvtex 2019/10/25 v1.7 ifvtex legacy package. Use iftex instead.
 (/usr/local/texlive/2022/texmf-dist/tex/generic/iftex/iftex.sty
Package: iftex 2022/02/03 v1.0f TeX engine tests
))
\Gm@cnth=\count285
\Gm@cntv=\count286
\c@Gm@tempcnt=\count287
\Gm@bindingoffset=\dimen165
\Gm@wd@mp=\dimen166
\Gm@odd@mp=\dimen167
\Gm@even@mp=\dimen168
\Gm@layoutwidth=\dimen169
\Gm@layoutheight=\dimen170
\Gm@layouthoffset=\dimen171
\Gm@layoutvoffset=\dimen172
\Gm@dimlist=\toks33
) (/usr/local/texlive/2022/texmf-dist/tex/latex/setspace/setspace.sty
Package: setspace 2011/12/19 v6.7a set line spacing
) (/usr/local/texlive/2022/texmf-dist/tex/latex/multirow/multirow.sty
Package: multirow 2021/03/15 v2.8 Span multiple rows of a table
\multirow@colwidth=\skip57
\multirow@cntb=\count288
\multirow@dima=\skip58
\bigstrutjot=\dimen173
) (/usr/local/texlive/2022/texmf-dist/tex/latex/booktabs/booktabs.sty
Package: booktabs 2020/01/12 v1.61803398 Publication quality tables
\heavyrulewidth=\dimen174
\lightrulewidth=\dimen175
\cmidrulewidth=\dimen176
\belowrulesep=\dimen177
\belowbottomsep=\dimen178
\aboverulesep=\dimen179
\abovetopsep=\dimen180
\cmidrulesep=\dimen181
\cmidrulekern=\dimen182
\defaultaddspace=\dimen183
\@cmidla=\count289
\@cmidlb=\count290
\@aboverulesep=\dimen184
\@belowrulesep=\dimen185
\@thisruleclass=\count291
\@lastruleclass=\count292
\@thisrulewidth=\dimen186
) (/usr/local/texlive/2022/texmf-dist/tex/latex/l3packages/xfrac/xfrac.sty (/usr/local/texlive/2022/texmf-dist/tex/latex/l3kernel/expl3.sty
Package: expl3 2022-02-24 L3 programming layer (loader) 
 (/usr/local/texlive/2022/texmf-dist/tex/latex/l3backend/l3backend-pdftex.def
File: l3backend-pdftex.def 2022-02-07 L3 backend support: PDF output (pdfTeX)
\l__color_backend_stack_int=\count293
\l__pdf_internal_box=\box58
)) (/usr/local/texlive/2022/texmf-dist/tex/latex/l3packages/l3keys2e/l3keys2e.sty
Package: l3keys2e 2022-01-12 LaTeX2e option processing using LaTeX3 keys
) (/usr/local/texlive/2022/texmf-dist/tex/latex/base/textcomp.sty
Package: textcomp 2020/02/02 v2.0n Standard LaTeX package
) (/usr/local/texlive/2022/texmf-dist/tex/latex/l3packages/xparse/xparse.sty
Package: xparse 2022-01-12 L3 Experimental document command parser
) (/usr/local/texlive/2022/texmf-dist/tex/latex/l3packages/xtemplate/xtemplate.sty
Package: xtemplate 2022-01-12 L3 Experimental prototype document functions
\l__xtemplate_tmp_dim=\dimen187
\l__xtemplate_tmp_int=\count294
\l__xtemplate_tmp_muskip=\muskip17
\l__xtemplate_tmp_skip=\skip59
)
Package: xfrac 2022-01-12 L3 Experimental split-level fractions
\l__xfrac_slash_box=\box59
\l__xfrac_tmp_box=\box60
\l__xfrac_denominator_bot_sep_dim=\dimen188
\l__xfrac_numerator_bot_sep_dim=\dimen189
\l__xfrac_numerator_top_sep_dim=\dimen190
\l__xfrac_slash_left_sep_dim=\dimen191
\l__xfrac_slash_right_sep_dim=\dimen192
\l__xfrac_slash_left_muskip=\muskip18
\l__xfrac_slash_right_muskip=\muskip19

Package xtemplate Info: Declaring object type 'xfrac' taking 3 argument(s) on
(xtemplate)             line 80.

) (/usr/local/texlive/2022/texmf-dist/tex/latex/hyperref/hyperref.sty
Package: hyperref 2022-02-21 v7.00n Hypertext links for LaTeX
 (/usr/local/texlive/2022/texmf-dist/tex/generic/ltxcmds/ltxcmds.sty
Package: ltxcmds 2020-05-10 v1.25 LaTeX kernel commands for general use (HO)
) (/usr/local/texlive/2022/texmf-dist/tex/generic/pdftexcmds/pdftexcmds.sty
Package: pdftexcmds 2020-06-27 v0.33 Utility functions of pdfTeX for LuaTeX (HO)
 (/usr/local/texlive/2022/texmf-dist/tex/generic/infwarerr/infwarerr.sty
Package: infwarerr 2019/12/03 v1.5 Providing info/warning/error messages (HO)
)
Package pdftexcmds Info: \pdf@primitive is available.
Package pdftexcmds Info: \pdf@ifprimitive is available.
Package pdftexcmds Info: \pdfdraftmode found.
) (/usr/local/texlive/2022/texmf-dist/tex/generic/kvsetkeys/kvsetkeys.sty
Package: kvsetkeys 2019/12/15 v1.18 Key value parser (HO)
) (/usr/local/texlive/2022/texmf-dist/tex/generic/kvdefinekeys/kvdefinekeys.sty
Package: kvdefinekeys 2019-12-19 v1.6 Define keys (HO)
) (/usr/local/texlive/2022/texmf-dist/tex/generic/pdfescape/pdfescape.sty
Package: pdfescape 2019/12/09 v1.15 Implements pdfTeX's escape features (HO)
) (/usr/local/texlive/2022/texmf-dist/tex/latex/hycolor/hycolor.sty
Package: hycolor 2020-01-27 v1.10 Color options for hyperref/bookmark (HO)
) (/usr/local/texlive/2022/texmf-dist/tex/latex/letltxmacro/letltxmacro.sty
Package: letltxmacro 2019/12/03 v1.6 Let assignment for LaTeX macros (HO)
) (/usr/local/texlive/2022/texmf-dist/tex/latex/auxhook/auxhook.sty
Package: auxhook 2019-12-17 v1.6 Hooks for auxiliary files (HO)
) (/usr/local/texlive/2022/texmf-dist/tex/latex/kvoptions/kvoptions.sty
Package: kvoptions 2020-10-07 v3.14 Key value format for package options (HO)
)
\@linkdim=\dimen193
\Hy@linkcounter=\count295
\Hy@pagecounter=\count296
 (/usr/local/texlive/2022/texmf-dist/tex/latex/hyperref/pd1enc.def
File: pd1enc.def 2022-02-21 v7.00n Hyperref: PDFDocEncoding definition (HO)
Now handling font encoding PD1 ...
... no UTF-8 mapping file for font encoding PD1
) (/usr/local/texlive/2022/texmf-dist/tex/generic/intcalc/intcalc.sty
Package: intcalc 2019/12/15 v1.3 Expandable calculations with integers (HO)
) (/usr/local/texlive/2022/texmf-dist/tex/generic/etexcmds/etexcmds.sty
Package: etexcmds 2019/12/15 v1.7 Avoid name clashes with e-TeX commands (HO)
)
\Hy@SavedSpaceFactor=\count297
 (/usr/local/texlive/2022/texmf-dist/tex/latex/hyperref/puenc.def
File: puenc.def 2022-02-21 v7.00n Hyperref: PDF Unicode definition (HO)
Now handling font encoding PU ...
... no UTF-8 mapping file for font encoding PU
)
Package hyperref Info: Hyper figures OFF on input line 4137.
Package hyperref Info: Link nesting OFF on input line 4142.
Package hyperref Info: Hyper index ON on input line 4145.
Package hyperref Info: Plain pages OFF on input line 4152.
Package hyperref Info: Backreferencing OFF on input line 4157.
Package hyperref Info: Implicit mode ON; LaTeX internals redefined.
Package hyperref Info: Bookmarks ON on input line 4390.
\c@Hy@tempcnt=\count298
 (/usr/local/texlive/2022/texmf-dist/tex/latex/url/url.sty
\Urlmuskip=\muskip20
Package: url 2013/09/16  ver 3.4  Verb mode for urls, etc.
)
LaTeX Info: Redefining \url on input line 4749.
\XeTeXLinkMargin=\dimen194
 (/usr/local/texlive/2022/texmf-dist/tex/generic/bitset/bitset.sty
Package: bitset 2019/12/09 v1.3 Handle bit-vector datatype (HO)
 (/usr/local/texlive/2022/texmf-dist/tex/generic/bigintcalc/bigintcalc.sty
Package: bigintcalc 2019/12/15 v1.5 Expandable calculations on big integers (HO)
))
\Fld@menulength=\count299
\Field@Width=\dimen195
\Fld@charsize=\dimen196
Package hyperref Info: Hyper figures OFF on input line 6027.
Package hyperref Info: Link nesting OFF on input line 6032.
Package hyperref Info: Hyper index ON on input line 6035.
Package hyperref Info: backreferencing OFF on input line 6042.
Package hyperref Info: Link coloring OFF on input line 6047.
Package hyperref Info: Link coloring with OCG OFF on input line 6052.
Package hyperref Info: PDF/A mode OFF on input line 6057.
LaTeX Info: Redefining \ref on input line 6097.
LaTeX Info: Redefining \pageref on input line 6101.
 (/usr/local/texlive/2022/texmf-dist/tex/latex/base/atbegshi-ltx.sty
Package: atbegshi-ltx 2021/01/10 v1.0c Emulation of the original atbegshi
package with kernel methods
)

Package hyperref Warning: Option `pdfpagelabels' is turned off
(hyperref)                because \thepage is undefined.

\c@Item=\count300
\c@Hfootnote=\count301
)
Package hyperref Info: Driver (autodetected): hpdftex.
 (/usr/local/texlive/2022/texmf-dist/tex/latex/hyperref/hpdftex.def
File: hpdftex.def 2022-02-21 v7.00n Hyperref driver for pdfTeX
\Fld@listcount=\count302
\c@bookmark@seq@number=\count303
 (/usr/local/texlive/2022/texmf-dist/tex/latex/rerunfilecheck/rerunfilecheck.sty
Package: rerunfilecheck 2019/12/05 v1.9 Rerun checks for auxiliary files (HO)
 (/usr/local/texlive/2022/texmf-dist/tex/latex/base/atveryend-ltx.sty
Package: atveryend-ltx 2020/08/19 v1.0a Emulation of the original atveryend package
with kernel methods
) (/usr/local/texlive/2022/texmf-dist/tex/generic/uniquecounter/uniquecounter.sty
Package: uniquecounter 2019/12/15 v1.4 Provide unlimited unique counter (HO)
)
Package uniquecounter Info: New unique counter `rerunfilecheck' on input line 286.
)
\Hy@SectionHShift=\skip60
) (/usr/local/texlive/2022/texmf-dist/tex/latex/glossaries/base/glossaries.sty
Package: glossaries 2021/11/01 v4.49 (NLCT)
 (/usr/local/texlive/2022/texmf-dist/tex/latex/xkeyval/xkeyval.sty
Package: xkeyval 2020/11/20 v2.8 package option processing (HA)
 (/usr/local/texlive/2022/texmf-dist/tex/generic/xkeyval/xkeyval.tex (/usr/local/texlive/2022/texmf-dist/tex/generic/xkeyval/xkvutils.tex
\XKV@toks=\toks34
\XKV@tempa@toks=\toks35
)
\XKV@depth=\count304
File: xkeyval.tex 2014/12/03 v2.7a key=value parser (HA)
)) (/usr/local/texlive/2022/texmf-dist/tex/latex/mfirstuc/mfirstuc.sty
Package: mfirstuc 2021/10/15 v2.07 (NLCT)
 (/usr/local/texlive/2022/texmf-dist/tex/latex/etoolbox/etoolbox.sty
Package: etoolbox 2020/10/05 v2.5k e-TeX tools for LaTeX (JAW)
\etb@tempcnta=\count305
)
\@glsmfirst=\toks36
\@glsmrest=\toks37
) (/usr/local/texlive/2022/texmf-dist/tex/latex/textcase/textcase.sty
Package: textcase 2019/09/14 v1.00 Text only upper/lower case changing (DPC)
) (/usr/local/texlive/2022/texmf-dist/tex/latex/xfor/xfor.sty
Package: xfor 2009/02/05 v1.05 (NLCT)
) (/usr/local/texlive/2022/texmf-dist/tex/latex/datatool/datatool-base.sty
Package: datatool-base 2019/09/27 v2.32 (NLCT)
 (/usr/local/texlive/2022/texmf-dist/tex/latex/substr/substr.sty
Package: substr 2009/10/20 v1.2 Handle substrings
\c@su@anzahl=\count306
) (/usr/local/texlive/2022/texmf-dist/tex/latex/datatool/datatool-fp.sty
Package: datatool-fp 2019/09/27 v2.32 (NLCT)
 (/usr/local/texlive/2022/texmf-dist/tex/latex/fp/fp.sty
Package: fp 1995/04/02
 `Fixed Point Package', Version 0.8, April 2, 1995 (C) Michael Mehlich (/usr/local/texlive/2022/texmf-dist/tex/latex/fp/defpattern.sty
Package: defpattern 1994/10/12
\actioncount=\count307
) (/usr/local/texlive/2022/texmf-dist/tex/latex/fp/fp-basic.sty
Package: fp-basic 1996/05/13
\FP@xs=\count308
\FP@xia=\count309
\FP@xib=\count310
\FP@xfa=\count311
\FP@xfb=\count312
\FP@rega=\count313
\FP@regb=\count314
\FP@regs=\count315
\FP@times=\count316
) (/usr/local/texlive/2022/texmf-dist/tex/latex/fp/fp-addons.sty
Package: fp-addons 1995/03/15
) (/usr/local/texlive/2022/texmf-dist/tex/latex/fp/fp-snap.sty
Package: fp-snap 1995/04/05
) (/usr/local/texlive/2022/texmf-dist/tex/latex/fp/fp-exp.sty
Package: fp-exp 1995/04/03
) (/usr/local/texlive/2022/texmf-dist/tex/latex/fp/fp-trigo.sty
Package: fp-trigo 1995/04/14
) (/usr/local/texlive/2022/texmf-dist/tex/latex/fp/fp-pas.sty
Package: fp-pas 1994/08/29
) (/usr/local/texlive/2022/texmf-dist/tex/latex/fp/fp-random.sty
Package: fp-random 1995/02/23
\FPseed=\count317
) (/usr/local/texlive/2022/texmf-dist/tex/latex/fp/fp-eqn.sty
Package: fp-eqn 1995/04/03
) (/usr/local/texlive/2022/texmf-dist/tex/latex/fp/fp-upn.sty
Package: fp-upn 1996/10/21
) (/usr/local/texlive/2022/texmf-dist/tex/latex/fp/fp-eval.sty
Package: fp-eval 1995/04/03
)))
\@dtl@toks=\toks38
\@dtl@tmpcount=\count318
\dtl@tmplength=\skip61
\dtl@sortresult=\count319
\@dtl@numgrpsepcount=\count320
\@dtl@datatype=\count321
\dtl@codeA=\count322
\dtl@codeB=\count323
\@dtl@foreach@level=\count324
) (/usr/local/texlive/2022/texmf-dist/tex/latex/glossaries/base/glossaries-compatible-307.sty
Package: glossaries-compatible-307 2021/11/01 v4.49 (NLCT)
) (/usr/local/texlive/2022/texmf-dist/tex/latex/tracklang/tracklang.sty
Package: tracklang 2020/06/30 v1.5 (NLCT) Track Languages
 (/usr/local/texlive/2022/texmf-dist/tex/generic/tracklang/tracklang.tex)) (/usr/local/texlive/2022/texmf-dist/tex/latex/translator/translator.sty
Package: translator 2021-05-31 v1.12d Easy translation of strings in LaTeX
) (/usr/local/texlive/2022/texmf-dist/tex/latex/glossaries-portuges/glossaries-pt-BR.ldf
File: glossaries-pt-BR.ldf 2014/11/23 v1.0
 (/usr/local/texlive/2022/texmf-dist/tex/latex/glossaries-portuges/glossaries-portuges-utf8.ldf))
\gls@level=\count325
\@gls@tmpb=\toks39
\gls@tmplen=\skip62
\glskeylisttok=\toks40
\glslabeltok=\toks41
\glsshorttok=\toks42
\glslongtok=\toks43
 (/usr/local/texlive/2022/texmf-dist/tex/latex/glossaries/styles/glossary-hypernav.sty
Package: glossary-hypernav 2021/11/01 v4.49 (NLCT)
) (/usr/local/texlive/2022/texmf-dist/tex/latex/glossaries/styles/glossary-list.sty
Package: glossary-list 2021/11/01 v4.49 (NLCT)
\glslistdottedwidth=\skip63
) (/usr/local/texlive/2022/texmf-dist/tex/latex/glossaries/styles/glossary-long.sty
Package: glossary-long 2021/11/01 v4.49 (NLCT)
 (/usr/local/texlive/2022/texmf-dist/tex/latex/tools/longtable.sty
Package: longtable 2021-09-01 v4.17 Multi-page Table package (DPC)
\LTleft=\skip64
\LTright=\skip65
\LTpre=\skip66
\LTpost=\skip67
\LTchunksize=\count326
\LTcapwidth=\dimen197
\LT@head=\box61
\LT@firsthead=\box62
\LT@foot=\box63
\LT@lastfoot=\box64
\LT@gbox=\box65
\LT@cols=\count327
\LT@rows=\count328
\c@LT@tables=\count329
\c@LT@chunks=\count330
\LT@p@ftn=\toks44
)
\glsdescwidth=\skip68
\glspagelistwidth=\skip69
) (/usr/local/texlive/2022/texmf-dist/tex/latex/glossaries/styles/glossary-super.sty
Package: glossary-super 2021/11/01 v4.49 (NLCT)
 (/usr/local/texlive/2022/texmf-dist/tex/latex/supertabular/supertabular.sty
Package: supertabular 2020/02/02 v4.1g the supertabular environment
\c@tracingst=\count331
\ST@wd=\dimen198
\ST@rightskip=\skip70
\ST@leftskip=\skip71
\ST@parfillskip=\skip72
\ST@pageleft=\dimen199
\ST@headht=\dimen256
\ST@tailht=\dimen257
\ST@pagesofar=\dimen258
\ST@pboxht=\dimen259
\ST@lineht=\dimen260
\ST@prevht=\dimen261
\ST@toadd=\dimen262
\ST@dimen=\dimen263
\ST@pbox=\box66
)) (/usr/local/texlive/2022/texmf-dist/tex/latex/glossaries/styles/glossary-tree.sty
Package: glossary-tree 2021/11/01 v4.49 (NLCT)
\glstreeindent=\skip73
))
Package hyperref Info: Option `colorlinks' set `true' on input line 59.
 (/usr/local/texlive/2022/texmf-dist/tex/latex/graphics/rotating.sty
Package: rotating 2016/08/11 v2.16d rotated objects in LaTeX
\c@r@tfl@t=\count332
\rotFPtop=\skip74
\rotFPbot=\skip75
\rot@float@box=\box67
\rot@mess@toks=\toks45
) (/usr/local/texlive/2022/texmf-dist/tex/latex/caption/caption.sty
Package: caption 2022/03/01 v3.6b Customizing captions (AR)
 (/usr/local/texlive/2022/texmf-dist/tex/latex/caption/caption3.sty
Package: caption3 2022/03/17 v2.3b caption3 kernel (AR)
\caption@tempdima=\dimen264
\captionmargin=\dimen265
\caption@leftmargin=\dimen266
\caption@rightmargin=\dimen267
\caption@width=\dimen268
\caption@indent=\dimen269
\caption@parindent=\dimen270
\caption@hangindent=\dimen271
Package caption Info: Standard document class detected.
)
\c@caption@flags=\count333
\c@continuedfloat=\count334
Package caption Info: float package is loaded.
Package caption Info: hyperref package is loaded.
Package caption Info: longtable package is loaded.
 (/usr/local/texlive/2022/texmf-dist/tex/latex/caption/ltcaption.sty
Package: ltcaption 2021/01/08 v1.4c longtable captions (AR)
)
Package caption Info: rotating package is loaded.
Package caption Info: supertabular package is loaded.
) (./ppgeb_mestrado.aux (./fundamentacao_teorica/chap_eletricidade_cerebral.aux) (./fundamentacao_teorica/chap_rastreamento_ocular.aux

LaTeX Warning: Label `fig:' multiply defined.

) (./fundamentacao_teorica/chap_trabalhos_relacionados.aux) (./fundamentacao_teorica/chap_uso_em_algortimos.aux) (./fundamentacao_teorica/chap_sincronization.aux) (./fundamentacao_teorica/chap_materiais_e_métodos.aux) (./fundamentacao_teorica/chap_resultados.aux))
\openout1 = `ppgeb_mestrado.aux'.

LaTeX Font Info:    Checking defaults for OML/cmm/m/it on input line 149.
LaTeX Font Info:    ... okay on input line 149.
LaTeX Font Info:    Checking defaults for OMS/cmsy/m/n on input line 149.
LaTeX Font Info:    ... okay on input line 149.
LaTeX Font Info:    Checking defaults for OT1/cmr/m/n on input line 149.
LaTeX Font Info:    ... okay on input line 149.
LaTeX Font Info:    Checking defaults for T1/cmr/m/n on input line 149.
LaTeX Font Info:    ... okay on input line 149.
LaTeX Font Info:    Checking defaults for TS1/cmr/m/n on input line 149.
LaTeX Font Info:    ... okay on input line 149.
LaTeX Font Info:    Checking defaults for OMX/cmex/m/n on input line 149.
LaTeX Font Info:    ... okay on input line 149.
LaTeX Font Info:    Checking defaults for U/cmr/m/n on input line 149.
LaTeX Font Info:    ... okay on input line 149.
LaTeX Font Info:    Checking defaults for PD1/pdf/m/n on input line 149.
LaTeX Font Info:    ... okay on input line 149.
LaTeX Font Info:    Checking defaults for PU/pdf/m/n on input line 149.
LaTeX Font Info:    ... okay on input line 149.
 (/usr/local/texlive/2022/texmf-dist/tex/context/base/mkii/supp-pdf.mkii
[Loading MPS to PDF converter (version 2006.09.02).]
\scratchcounter=\count335
\scratchdimen=\dimen272
\scratchbox=\box68
\nofMPsegments=\count336
\nofMParguments=\count337
\everyMPshowfont=\toks46
\MPscratchCnt=\count338
\MPscratchDim=\dimen273
\MPnumerator=\count339
\makeMPintoPDFobject=\count340
\everyMPtoPDFconversion=\toks47
) (/usr/local/texlive/2022/texmf-dist/tex/latex/epstopdf-pkg/epstopdf-base.sty
Package: epstopdf-base 2020-01-24 v2.11 Base part for package epstopdf
Package epstopdf-base Info: Redefining graphics rule for `.eps' on input line 485.
 (/usr/local/texlive/2022/texmf-dist/tex/latex/latexconfig/epstopdf-sys.cfg
File: epstopdf-sys.cfg 2010/07/13 v1.3 Configuration of (r)epstopdf for TeX Live
)) (/usr/local/texlive/2022/texmf-dist/tex/latex/pdflscape/pdflscape.sty
Package: pdflscape 2019/12/05 v0.12 Display of landscape pages in PDF (HO)
 (/usr/local/texlive/2022/texmf-dist/tex/latex/graphics/lscape.sty
Package: lscape 2020/05/28 v3.02 Landscape Pages (DPC)
)
Package pdflscape Info: Auto-detected driver: pdftex on input line 81.
)
Package lastpage Info: Please have a look at the pageslts package at
(lastpage)             https://www.ctan.org/pkg/pageslts
(lastpage)             ! on input line 149.
\c@quadro=\count341

*geometry* driver: auto-detecting
*geometry* detected driver: pdftex
*geometry* verbose mode - [ preamble ] result:
* driver: pdftex
* paper: a4paper
* layout: <same size as paper>
* layoutoffset:(h,v)=(0.0pt,0.0pt)
* modes: 
* h-part:(L,W,R)=(72.26999pt, 452.9679pt, 72.26999pt)
* v-part:(T,H,B)=(72.26999pt, 700.50687pt, 72.26999pt)
* \paperwidth=597.50787pt
* \paperheight=845.04684pt
* \textwidth=452.9679pt
* \textheight=700.50687pt
* \oddsidemargin=0.0pt
* \evensidemargin=0.0pt
* \topmargin=-37.0pt
* \headheight=12.0pt
* \headsep=25.0pt
* \topskip=12.0pt
* \footskip=30.0pt
* \marginparwidth=35.0pt
* \marginparsep=10.0pt
* \columnsep=10.0pt
* \skip\footins=10.8pt plus 4.0pt minus 2.0pt
* \hoffset=0.0pt
* \voffset=0.0pt
* \mag=1000
* \@twocolumnfalse
* \@twosidefalse
* \@mparswitchfalse
* \@reversemarginfalse
* (1in=72.27pt=25.4mm, 1cm=28.453pt)

Package hyperref Info: Link coloring ON on input line 149.
(/usr/local/texlive/2022/texmf-dist/tex/latex/hyperref/nameref.sty
Package: nameref 2021-04-02 v2.47 Cross-referencing by name of section
 (/usr/local/texlive/2022/texmf-dist/tex/latex/refcount/refcount.sty
Package: refcount 2019/12/15 v3.6 Data extraction from label references (HO)
) (/usr/local/texlive/2022/texmf-dist/tex/generic/gettitlestring/gettitlestring.sty
Package: gettitlestring 2019/12/15 v1.6 Cleanup title references (HO)
)
\c@section@level=\count342
)
LaTeX Info: Redefining \ref on input line 149.
LaTeX Info: Redefining \pageref on input line 149.
LaTeX Info: Redefining \nameref on input line 149.
 (./ppgeb_mestrado.out) (./ppgeb_mestrado.out)
\@outlinefile=\write3
\openout3 = `ppgeb_mestrado.out'.

Package caption Info: Begin \AtBeginDocument code.
Package caption Info: End \AtBeginDocument code.
<figuras/capa.pdf, id=216, 597.23125pt x 845.1575pt>
File: figuras/capa.pdf Graphic file (type pdf)
<use figuras/capa.pdf>
Package pdftex.def Info: figuras/capa.pdf  used on input line 152.
(pdftex.def)             Requested size: 597.22978pt x 845.15544pt.
File: figuras/capa.pdf Graphic file (type pdf)
<use figuras/capa.pdf>
Package pdftex.def Info: figuras/capa.pdf  used on input line 152.
(pdftex.def)             Requested size: 597.22978pt x 845.15544pt.
<figuras/capa.pdf, id=219, page=1, 597.23125pt x 845.1575pt>
File: figuras/capa.pdf Graphic file (type pdf)
<use figuras/capa.pdf, page 1>
Package pdftex.def Info: figuras/capa.pdf , page1 used on input line 152.
(pdftex.def)             Requested size: 597.22978pt x 845.15544pt.
File: figuras/capa.pdf Graphic file (type pdf)
<use figuras/capa.pdf, page 1>
Package pdftex.def Info: figuras/capa.pdf , page1 used on input line 152.
(pdftex.def)             Requested size: 597.22978pt x 845.15544pt.
File: figuras/capa.pdf Graphic file (type pdf)
<use figuras/capa.pdf, page 1>
Package pdftex.def Info: figuras/capa.pdf , page1 used on input line 152.
(pdftex.def)             Requested size: 597.22978pt x 845.15544pt.
File: figuras/capa.pdf Graphic file (type pdf)
<use figuras/capa.pdf, page 1>
Package pdftex.def Info: figuras/capa.pdf , page1 used on input line 152.
(pdftex.def)             Requested size: 597.22978pt x 845.15544pt.
LaTeX Font Info:    Font shape `OT1/cmr/bx/sc' in size <12> not available
(Font)              Font shape `OT1/cmr/b/sc' tried instead on input line 152.

Overfull \hbox (5.41441pt too wide) in paragraph at lines 152--152
 [][] 
 []

File: figuras/capa.pdf Graphic file (type pdf)
<use figuras/capa.pdf, page 1>
Package pdftex.def Info: figuras/capa.pdf , page1 used on input line 152.
(pdftex.def)             Requested size: 597.22978pt x 845.15544pt.
[1

{/usr/local/texlive/2022/texmf-var/fonts/map/pdftex/updmap/pdftex.map} <./figuras/capa.pdf>]
<figuras//ppgeb.png, id=234, 817.1328pt x 335.5737pt>
File: figuras//ppgeb.png Graphic file (type png)
<use figuras//ppgeb.png>
Package pdftex.def Info: figuras//ppgeb.png  used on input line 152.
(pdftex.def)             Requested size: 284.52756pt x 116.84834pt.
LaTeX Font Info:    Font shape `OT1/cmr/bx/sc' in size <14.4> not available
(Font)              Font shape `OT1/cmr/b/sc' tried instead on input line 152.
LaTeX Font Info:    Trying to load font information for U+msa on input line 152.
 (/usr/local/texlive/2022/texmf-dist/tex/latex/amsfonts/umsa.fd
File: umsa.fd 2013/01/14 v3.01 AMS symbols A
)
LaTeX Font Info:    Trying to load font information for U+msb on input line 152.
 (/usr/local/texlive/2022/texmf-dist/tex/latex/amsfonts/umsb.fd
File: umsb.fd 2013/01/14 v3.01 AMS symbols B
) [2

 <./figuras//ppgeb.png>]
Underfull \hbox (badness 10000) in paragraph at lines 152--152

 []


Underfull \hbox (badness 10000) in paragraph at lines 152--152

 []

[3

]
*geometry* verbose mode - [ newgeometry ] result:
* driver: pdftex
* paper: a4paper
* layout: <same size as paper>
* layoutoffset:(h,v)=(0.0pt,0.0pt)
* modes: 
* h-part:(L,W,R)=(72.26999pt, 452.9679pt, 72.26999pt)
* v-part:(T,H,B)=(28.90755pt, 765.55052pt, 50.58878pt)
* \paperwidth=597.50787pt
* \paperheight=845.04684pt
* \textwidth=452.9679pt
* \textheight=765.55052pt
* \oddsidemargin=0.0pt
* \evensidemargin=0.0pt
* \topmargin=-80.36244pt
* \headheight=12.0pt
* \headsep=25.0pt
* \topskip=12.0pt
* \footskip=30.0pt
* \marginparwidth=35.0pt
* \marginparsep=10.0pt
* \columnsep=10.0pt
* \skip\footins=10.8pt plus 4.0pt minus 2.0pt
* \hoffset=0.0pt
* \voffset=0.0pt
* \mag=1000
* \@twocolumnfalse
* \@twosidefalse
* \@mparswitchfalse
* \@reversemarginfalse
* (1in=72.27pt=25.4mm, 1cm=28.453pt)


Underfull \hbox (badness 10000) in paragraph at lines 152--152

 []


Underfull \hbox (badness 10000) in paragraph at lines 152--152

 []


Overfull \hbox (61.67415pt too wide) in paragraph at lines 152--152
[] 
 []


Underfull \hbox (badness 10000) in paragraph at lines 152--152

 []

[4


]
*geometry* verbose mode - [ newgeometry ] result:
* driver: pdftex
* paper: a4paper
* layout: <same size as paper>
* layoutoffset:(h,v)=(0.0pt,0.0pt)
* modes: 
* h-part:(L,W,R)=(65.04256pt, 467.42276pt, 65.04256pt)
* v-part:(T,H,B)=(65.04256pt, 722.18808pt, 57.81621pt)
* \paperwidth=597.50787pt
* \paperheight=845.04684pt
* \textwidth=467.42276pt
* \textheight=722.18808pt
* \oddsidemargin=-7.22743pt
* \evensidemargin=-7.22743pt
* \topmargin=-44.22743pt
* \headheight=12.0pt
* \headsep=25.0pt
* \topskip=12.0pt
* \footskip=30.0pt
* \marginparwidth=35.0pt
* \marginparsep=10.0pt
* \columnsep=10.0pt
* \skip\footins=10.8pt plus 4.0pt minus 2.0pt
* \hoffset=0.0pt
* \voffset=0.0pt
* \mag=1000
* \@twocolumnfalse
* \@twosidefalse
* \@mparswitchfalse
* \@reversemarginfalse
* (1in=72.27pt=25.4mm, 1cm=28.453pt)

 [5

] [6


]
LaTeX Font Info:    Font shape `OT1/cmr/bx/sc' in size <24.88> not available
(Font)              Font shape `OT1/cmr/b/sc' tried instead on input line 233.
 (./ppgeb_mestrado.toc [7

] [8])
\tf@toc=\write4
\openout4 = `ppgeb_mestrado.toc'.

 [9] (./ppgeb_mestrado.lot)
\tf@lot=\write5
\openout5 = `ppgeb_mestrado.lot'.

 [10

] (./ppgeb_mestrado.loa)
\tf@loa=\write6
\openout6 = `ppgeb_mestrado.loa'.

 [11

] (./ppgeb_mestrado.lof
Overfull \hbox (9.97319pt too wide) in paragraph at lines 5--5
 [][] [][][]\OT1/cmr/m/n/12 Anatomia de um neur^onio com des-ta-que para ^^Sarea de si-napse en-tre neur^onios. 
 []

[12

])
\tf@lof=\write7
\openout7 = `ppgeb_mestrado.lof'.

 [13] [14

]
Cap\'{\i }tulo 1.
LaTeX Font Info:    Font shape `OT1/cmr/bx/sc' in size <17.28> not available
(Font)              Font shape `OT1/cmr/b/sc' tried instead on input line 258.
<figuras//problemas_eeget.jpg, id=424, 469.755pt x 143.53625pt>
File: figuras//problemas_eeget.jpg Graphic file (type jpg)
<use figuras//problemas_eeget.jpg>
Package pdftex.def Info: figuras//problemas_eeget.jpg  used on input line 280.
(pdftex.def)             Requested size: 369.88582pt x 113.02005pt.

LaTeX Warning: `h' float specifier changed to `ht'.

[1


] [2 <./figuras//problemas_eeget.jpg>] [3] [4]
\openout2 = `fundamentacao_teorica/chap_eletricidade_cerebral.aux'.

 (./fundamentacao_teorica/chap_eletricidade_cerebral.tex
Cap\'{\i }tulo 2.
<figuras//corpo_celular.jpg, id=445, 156.585pt x 277.035pt>
File: figuras//corpo_celular.jpg Graphic file (type jpg)
<use figuras//corpo_celular.jpg>
Package pdftex.def Info: figuras//corpo_celular.jpg  used on input line 18.
(pdftex.def)             Requested size: 113.81102pt x 201.36305pt.
[5


]
<figuras//modeloHH.jpg, id=453, 469.755pt x 171.64125pt>
File: figuras//modeloHH.jpg Graphic file (type jpg)
<use figuras//modeloHH.jpg>
Package pdftex.def Info: figuras//modeloHH.jpg  used on input line 36.
(pdftex.def)             Requested size: 284.52756pt x 103.96242pt.
 [6 <./figuras//corpo_celular.jpg> <./figuras//modeloHH.jpg>]
<figuras//potencial_de_membrana_bear.jpg, id=462, 469.755pt x 219.82124pt>
File: figuras//potencial_de_membrana_bear.jpg Graphic file (type jpg)
<use figuras//potencial_de_membrana_bear.jpg>
Package pdftex.def Info: figuras//potencial_de_membrana_bear.jpg  used on input line 65.
(pdftex.def)             Requested size: 341.43306pt x 159.77383pt.
<figuras//serie_temporal_EEG.png, id=463, 336.25626pt x 133.49875pt>
File: figuras//serie_temporal_EEG.png Graphic file (type png)
<use figuras//serie_temporal_EEG.png>
Package pdftex.def Info: figuras//serie_temporal_EEG.png  used on input line 72.
(pdftex.def)             Requested size: 284.52756pt x 112.96315pt.
 [7 <./figuras//potencial_de_membrana_bear.jpg> <./figuras//serie_temporal_EEG.png>]
<figuras//1_smvgacGqEOqIoKmjhzbfPw.jpeg, id=470, 803.0pt x 607.26875pt>
File: figuras//1_smvgacGqEOqIoKmjhzbfPw.jpeg Graphic file (type jpg)
<use figuras//1_smvgacGqEOqIoKmjhzbfPw.jpeg>
Package pdftex.def Info: figuras//1_smvgacGqEOqIoKmjhzbfPw.jpeg  used on input line 94.
(pdftex.def)             Requested size: 227.62204pt x 172.13751pt.
<figuras//21_electrodes_of_International_10-20_system_for_EEG.png, id=471, 1027.84pt x 919.435pt>
File: figuras//21_electrodes_of_International_10-20_system_for_EEG.png Graphic file (type png)
<use figuras//21_electrodes_of_International_10-20_system_for_EEG.png>
Package pdftex.def Info: figuras//21_electrodes_of_International_10-20_system_for_EEG.png  used on input line 113.
(pdftex.def)             Requested size: 284.52756pt x 254.52193pt.


LaTeX Warning: `h' float specifier changed to `ht'.

[8 <./figuras//1_smvgacGqEOqIoKmjhzbfPw.jpeg>]
Package hyperref Info: bookmark level for unknown quadro defaults to 0 on input line 136.
LaTeX Font Info:    Calculating math sizes for size <10.85999> on input line 139.


LaTeX Font Warning: Font shape `OT1/cmr/m/n' in size <5.43> not available
(Font)              size <5> substituted on input line 139.


LaTeX Font Warning: Font shape `OML/cmm/m/it' in size <5.43> not available
(Font)              size <5> substituted on input line 139.


LaTeX Font Warning: Font shape `OMS/cmsy/m/n' in size <5.43> not available
(Font)              size <5> substituted on input line 139.


LaTeX Font Warning: Font shape `OT1/cmr/m/n' in size <15.40375> not available
(Font)              size <14.4> substituted on input line 156.


Underfull \hbox (badness 10000) in paragraph at lines 159--160

 []

) [9 <./figuras//21_electrodes_of_International_10-20_system_for_EEG.png>] [10]
\openout2 = `fundamentacao_teorica/chap_rastreamento_ocular.aux'.

 (./fundamentacao_teorica/chap_rastreamento_ocular.tex
Cap\'{\i }tulo 3.
<figuras//Eyeball-modelled-as-a-dipole-and-angular-deviation-of-the-eye-movements-in-response-to-a_W640.jpeg, id=489, 187.902pt x 139.83405pt>
File: figuras//Eyeball-modelled-as-a-dipole-and-angular-deviation-of-the-eye-movements-in-response-to-a_W640.jpeg Graphic file (type jpg)
<use figuras//Eyeball-modelled-as-a-dipole-and-angular-deviation-of-the-eye-movements-in-response-to-a_W640.jpeg>
Package pdftex.def Info: figuras//Eyeball-modelled-as-a-dipole-and-angular-deviation-of-the-eye-movements-in-response-to-a_W640.jpeg  used on input line 15.
(pdftex.def)             Requested size: 284.52756pt x 211.77115pt.
[11




 <./figuras//Eyeball-modelled-as-a-dipole-and-angular-deviation-of-the-eye-movements-in-response-to-a_W640.jpeg>]
<figuras//EOG-showing-saccadic-and-fixation-eye-movements-as-well-as-blinks-Red-and-blue-waveforms_W640.jpeg, id=497, 215.1293pt x 94.79135pt>
File: figuras//EOG-showing-saccadic-and-fixation-eye-movements-as-well-as-blinks-Red-and-blue-waveforms_W640.jpeg Graphic file (type jpg)
<use figuras//EOG-showing-saccadic-and-fixation-eye-movements-as-well-as-blinks-Red-and-blue-waveforms_W640.jpeg>
Package pdftex.def Info: figuras//EOG-showing-saccadic-and-fixation-eye-movements-as-well-as-blinks-Red-and-blue-waveforms_W640.jpeg  used on input line 52.
(pdftex.def)             Requested size: 284.52756pt x 125.37083pt.
) [12 <./figuras//EOG-showing-saccadic-and-fixation-eye-movements-as-well-as-blinks-Red-and-blue-waveforms_W640.jpeg>]
\openout2 = `fundamentacao_teorica/chap_trabalhos_relacionados.aux'.

 (./fundamentacao_teorica/chap_trabalhos_relacionados.tex
Cap\'{\i }tulo 4.
<figuras//numero_datasets.png, id=503, 728.7225pt x 458.71375pt>
File: figuras//numero_datasets.png Graphic file (type png)
<use figuras//numero_datasets.png>
Package pdftex.def Info: figuras//numero_datasets.png  used on input line 17.
(pdftex.def)             Requested size: 455.24408pt x 286.5624pt.

Overfull \hbox (2.27618pt too wide) in paragraph at lines 17--18
 [][] 
 []

[13




 <./figuras//numero_datasets.png>]
<figuras//setup.png, id=509, 410.53375pt x 281.05pt>
File: figuras//setup.png Graphic file (type png)
<use figuras//setup.png>
Package pdftex.def Info: figuras//setup.png  used on input line 31.
(pdftex.def)             Requested size: 227.62204pt x 155.82591pt.
<figuras//pipeline_eeg.png, id=510, 494.84875pt x 218.8175pt>
File: figuras//pipeline_eeg.png Graphic file (type png)
<use figuras//pipeline_eeg.png>
Package pdftex.def Info: figuras//pipeline_eeg.png  used on input line 51.
(pdftex.def)             Requested size: 284.52756pt x 125.81573pt.


LaTeX Warning: `!h' float specifier changed to `!ht'.

[14 <./figuras//setup.png>]
<figuras//fusao_decisao.png, id=516, 645.41125pt x 344.28625pt>
File: figuras//fusao_decisao.png Graphic file (type png)
<use figuras//fusao_decisao.png>
Package pdftex.def Info: figuras//fusao_decisao.png  used on input line 71.
(pdftex.def)             Requested size: 284.52756pt x 151.77534pt.
) [15 <./figuras//pipeline_eeg.png> <./figuras//fusao_decisao.png>]
\openout2 = `fundamentacao_teorica/chap_uso_em_algortimos.aux'.

 (./fundamentacao_teorica/chap_uso_em_algortimos.tex
Cap\'{\i }tulo 5.
<figuras//estimulo_e_coleta.png, id=524, 806.01125pt x 566.115pt>
File: figuras//estimulo_e_coleta.png Graphic file (type png)
<use figuras//estimulo_e_coleta.png>
Package pdftex.def Info: figuras//estimulo_e_coleta.png  used on input line 19.
(pdftex.def)             Requested size: 426.79134pt x 299.76309pt.
<figuras//lu.png, id=525, 547.04375pt x 435.6275pt>
File: figuras//lu.png Graphic file (type png)
<use figuras//lu.png>
Package pdftex.def Info: figuras//lu.png  used on input line 26.
(pdftex.def)             Requested size: 284.52756pt x 226.58078pt.
<figuras//thapalya.png, id=526, 557.08125pt x 429.605pt>
File: figuras//thapalya.png Graphic file (type png)
<use figuras//thapalya.png>
Package pdftex.def Info: figuras//thapalya.png  used on input line 42.
(pdftex.def)             Requested size: 284.52756pt x 219.4234pt.

LaTeX Warning: `h' float specifier changed to `ht'.

[16




] [17 <./figuras//estimulo_e_coleta.png> <./figuras//lu.png>] [18 <./figuras//thapalya.png>]
Cap\'{\i }tulo 6.
) [19

]
\openout2 = `fundamentacao_teorica/chap_sincronization.aux'.

 (./fundamentacao_teorica/chap_sincronization.tex
Cap\'{\i }tulo 7.
<figuras//Screen Shot 2022-08-15 at 22.11.48.png, id=548, 728.7225pt x 546.04pt>
File: figuras//Screen Shot 2022-08-15 at 22.11.48.png Graphic file (type png)
<use figuras//Screen Shot 2022-08-15 at 22.11.48.png>
Package pdftex.def Info: figuras//Screen Shot 2022-08-15 at 22.11.48.png  used on input line 31.
(pdftex.def)             Requested size: 512.1496pt x 383.77512pt.

Overfull \hbox (59.1817pt too wide) in paragraph at lines 31--33
 [][] 
 []


LaTeX Warning: `!h' float specifier changed to `!ht'.

[20




] [21 <./figuras//Screen Shot 2022-08-15 at 22.11.48.png>]
<figuras//blink.png, id=558, 736.7525pt x 566.115pt>
File: figuras//blink.png Graphic file (type png)
<use figuras//blink.png>
Package pdftex.def Info: figuras//blink.png  used on input line 81.
(pdftex.def)             Requested size: 284.52756pt x 218.6244pt.


LaTeX Warning: `!h' float specifier changed to `!ht'.

[22

] [23 <./figuras//blink.png>]) [24]
\openout2 = `fundamentacao_teorica/chap_materiais_e_métodos.aux'.

 (./fundamentacao_teorica/chap_materiais_e_métodos.tex
Cap\'{\i }tulo 8.
<figuras//mindwave_II.jpg, id=574, 1039.885pt x 1505.625pt>
File: figuras//mindwave_II.jpg Graphic file (type jpg)
<use figuras//mindwave_II.jpg>
Package pdftex.def Info: figuras//mindwave_II.jpg  used on input line 29.
(pdftex.def)             Requested size: 113.81102pt x 164.76923pt.
[25




]
<figuras//gp3.png, id=579, 514.92375pt x 285.065pt>
File: figuras//gp3.png Graphic file (type png)
<use figuras//gp3.png>
Package pdftex.def Info: figuras//gp3.png  used on input line 64.
(pdftex.def)             Requested size: 284.52756pt x 157.51698pt.
 [26 <./figuras//mindwave_II.jpg>] [27 <./figuras//gp3.png>] [28]
<figuras//Gazepoint-GP3-setup-screen-showing-a-user-correctly-positioned-in-the-cameras-view-and.png, id=594, 853.1875pt x 429.605pt>
File: figuras//Gazepoint-GP3-setup-screen-showing-a-user-correctly-positioned-in-the-cameras-view-and.png Graphic file (type png)
<use figuras//Gazepoint-GP3-setup-screen-showing-a-user-correctly-positioned-in-the-cameras-view-and.png>
Package pdftex.def Info: figuras//Gazepoint-GP3-setup-screen-showing-a-user-correctly-positioned-in-the-cameras-view-and.png  used on input line 148.
(pdftex.def)             Requested size: 569.05511pt x 286.55557pt.

Overfull \hbox (116.08722pt too wide) in paragraph at lines 148--149
[][] 
 []

<figuras//Screen Shot 2022-08-14 at 00.54.17.png, id=595, 732.7375pt x 513.92pt>
File: figuras//Screen Shot 2022-08-14 at 00.54.17.png Graphic file (type png)
<use figuras//Screen Shot 2022-08-14 at 00.54.17.png>
Package pdftex.def Info: figuras//Screen Shot 2022-08-14 at 00.54.17.png  used on input line 156.
(pdftex.def)             Requested size: 426.79134pt x 299.34416pt.
[29 <./figuras//Gazepoint-GP3-setup-screen-showing-a-user-correctly-positioned-in-the-cameras-view-and.png>] [30 <./figuras//Screen Shot 2022-08-14 at 00.54.17.png>]
<figuras//Screen Shot 2022-09-05 at 19.25.37.png, id=614, 856.19875pt x 511.9125pt>
File: figuras//Screen Shot 2022-09-05 at 19.25.37.png Graphic file (type png)
<use figuras//Screen Shot 2022-09-05 at 19.25.37.png>
Package pdftex.def Info: figuras//Screen Shot 2022-09-05 at 19.25.37.png  used on input line 210.
(pdftex.def)             Requested size: 426.79134pt x 255.1745pt.
<figuras//Screen Shot 2022-08-31 at 22.30.08.png, id=615, 867.24pt x 698.61pt>
File: figuras//Screen Shot 2022-08-31 at 22.30.08.png Graphic file (type png)
<use figuras//Screen Shot 2022-08-31 at 22.30.08.png>
Package pdftex.def Info: figuras//Screen Shot 2022-08-31 at 22.30.08.png  used on input line 220.
(pdftex.def)             Requested size: 284.52756pt x 229.19885pt.


LaTeX Warning: `!h' float specifier changed to `!ht'.

[31 <./figuras//Screen Shot 2022-09-05 at 19.25.37.png>]
<figuras//4-1.png, id=628, 877.2775pt x 387.4475pt>
File: figuras//4-1.png Graphic file (type png)
<use figuras//4-1.png>
Package pdftex.def Info: figuras//4-1.png  used on input line 243.
(pdftex.def)             Requested size: 284.52756pt x 125.65881pt.
<figuras//0_tG-IWcxL1jg7RkT0.png, id=629, 1405.25pt x 953.5625pt>
File: figuras//0_tG-IWcxL1jg7RkT0.png Graphic file (type png)
<use figuras//0_tG-IWcxL1jg7RkT0.png>
Package pdftex.def Info: figuras//0_tG-IWcxL1jg7RkT0.png  used on input line 254.
(pdftex.def)             Requested size: 284.52756pt x 193.06625pt.


LaTeX Warning: `!h' float specifier changed to `!ht'.

[32 <./figuras//Screen Shot 2022-08-31 at 22.30.08.png> <./figuras//4-1.png>]
<figuras//SVM_margin.png, id=636, 81.30376pt x 78.95497pt>
File: figuras//SVM_margin.png Graphic file (type png)
<use figuras//SVM_margin.png>
Package pdftex.def Info: figuras//SVM_margin.png  used on input line 266.
(pdftex.def)             Requested size: 227.62204pt x 221.06396pt.
 [33 <./figuras//0_tG-IWcxL1jg7RkT0.png (PNG copy)> <./figuras//SVM_margin.png>]
<figuras//curvaROC.jpeg, id=642, 519.9425pt x 483.8075pt>
File: figuras//curvaROC.jpeg Graphic file (type jpg)
<use figuras//curvaROC.jpeg>
Package pdftex.def Info: figuras//curvaROC.jpeg  used on input line 286.
(pdftex.def)             Requested size: 312.9803pt x 291.22429pt.
<figuras//matrizConfusao-600x381.png, id=643, 602.25pt x 382.42876pt>
File: figuras//matrizConfusao-600x381.png Graphic file (type png)
<use figuras//matrizConfusao-600x381.png>
Package pdftex.def Info: figuras//matrizConfusao-600x381.png  used on input line 298.
(pdftex.def)             Requested size: 284.52756pt x 180.68103pt.


LaTeX Warning: `!h' float specifier changed to `!ht'.

) [34

 <./figuras//curvaROC.jpeg>] [35 <./figuras//matrizConfusao-600x381.png>]
\openout2 = `fundamentacao_teorica/chap_resultados.aux'.

 (./fundamentacao_teorica/chap_resultados.tex
Cap\'{\i }tulo 9.
) [36




]
Cap\'{\i }tulo 10.
[37



]
Cap\'{\i }tulo 11.
(./ppgeb_mestrado.bbl [38

]

LaTeX Warning: Empty `thebibliography' environment on input line 3.

)
\c@apendice=\count343
 [39

] [40

]
\c@anexo=\count344
 [41

] [42

] 
AED: lastpage setting LastPage
[43

] (./ppgeb_mestrado.aux (./fundamentacao_teorica/chap_eletricidade_cerebral.aux) (./fundamentacao_teorica/chap_rastreamento_ocular.aux) (./fundamentacao_teorica/chap_trabalhos_relacionados.aux) (./fundamentacao_teorica/chap_uso_em_algortimos.aux) (./fundamentacao_teorica/chap_sincronization.aux) (./fundamentacao_teorica/chap_materiais_e_métodos.aux) (./fundamentacao_teorica/chap_resultados.aux))

LaTeX Font Warning: Size substitutions with differences
(Font)              up to 1.00375pt have occurred.


LaTeX Warning: There were multiply-defined labels.

Package rerunfilecheck Info: File `ppgeb_mestrado.out' has not changed.
(rerunfilecheck)             Checksum: 98965FFC748D89D1E62E850D8AEF8074;8411.
 ) 
Here is how much of TeX's memory you used:
 22682 strings out of 478268
 413943 string characters out of 5846347
 746920 words of memory out of 5000000
 40231 multiletter control sequences out of 15000+600000
 485099 words of font info for 88 fonts, out of 8000000 for 9000
 1150 hyphenation exceptions out of 8191
 91i,18n,117p,1224b,601s stack positions out of 10000i,1000n,20000p,200000b,200000s
 </Users/anasouza/Library/texlive/2022/texmf-var/fonts/pk/ljfour/public/cm-mf-extra-bold/cmbcsc10.1037pk>{/usr/local/texlive/2022/texmf-dist/fonts/enc/dvips/cm-super/cm-super-ts1.enc} </Users/anasouza/Library/texlive/2022/texmf-var/fonts/pk/ljfour/public/cm-mf-extra-bold/cmbcsc10.864pk> </Users/anasouza/Library/texlive/2022/texmf-var/fonts/pk/ljfour/public/cm-mf-extra-bold/cmbcsc10.720pk></usr/local/texlive/2022/texmf-dist/fonts/type1/public/amsfonts/cm/cmbx10.pfb></usr/local/texlive/2022/texmf-dist/fonts/type1/public/amsfonts/cm/cmbx12.pfb></usr/local/texlive/2022/texmf-dist/fonts/type1/public/amsfonts/cm/cmbxti10.pfb></usr/local/texlive/2022/texmf-dist/fonts/type1/public/amsfonts/cm/cmcsc10.pfb></usr/local/texlive/2022/texmf-dist/fonts/type1/public/amsfonts/cm/cmex10.pfb></usr/local/texlive/2022/texmf-dist/fonts/type1/public/amsfonts/cm/cmmi12.pfb></usr/local/texlive/2022/texmf-dist/fonts/type1/public/amsfonts/cm/cmmi8.pfb></usr/local/texlive/2022/texmf-dist/fonts/type1/public/amsfonts/cm/cmr10.pfb></usr/local/texlive/2022/texmf-dist/fonts/type1/public/amsfonts/cm/cmr12.pfb></usr/local/texlive/2022/texmf-dist/fonts/type1/public/amsfonts/cm/cmr6.pfb></usr/local/texlive/2022/texmf-dist/fonts/type1/public/amsfonts/cm/cmss12.pfb></usr/local/texlive/2022/texmf-dist/fonts/type1/public/amsfonts/cm/cmssbx10.pfb></usr/local/texlive/2022/texmf-dist/fonts/type1/public/amsfonts/cm/cmsy10.pfb></usr/local/texlive/2022/texmf-dist/fonts/type1/public/amsfonts/cm/cmti12.pfb></usr/local/texlive/2022/texmf-dist/fonts/type1/public/amsfonts/cm/cmtt12.pfb></usr/local/texlive/2022/texmf-dist/fonts/type1/public/cm-super/sfrm1200.pfb>
Output written on ppgeb_mestrado.pdf (57 pages, 4614746 bytes).
PDF statistics:
 951 PDF objects out of 1000 (max. 8388607)
 656 compressed objects within 7 object streams
 164 named destinations out of 1000 (max. 500000)
 595 words of extra memory for PDF output out of 10000 (max. 10000000)

