\BOOKMARK [0][-]{chapter.1}{\376\377\000I\000n\000t\000r\000o\000d\000u\000\347\000\343\000o}{}% 1
\BOOKMARK [1][-]{section.1.1}{\376\377\000C\000o\000n\000t\000e\000x\000t\000u\000a\000l\000i\000z\000a\000\347\000\343\000o\000\040\000d\000e\000\040\000P\000r\000o\000b\000l\000e\000m\000a}{chapter.1}% 2
\BOOKMARK [1][-]{section.1.2}{\376\377\000O\000b\000j\000e\000t\000i\000v\000o\000s}{chapter.1}% 3
\BOOKMARK [2][-]{subsection.1.2.1}{\376\377\000O\000b\000j\000e\000t\000i\000v\000o\000s\000\040\000E\000s\000p\000e\000c\000\355\000f\000i\000c\000o\000s}{section.1.2}% 4
\BOOKMARK [1][-]{section.1.3}{\376\377\000J\000u\000s\000t\000i\000f\000i\000c\000a\000t\000i\000v\000a}{chapter.1}% 5
\BOOKMARK [1][-]{section.1.4}{\376\377\000O\000r\000g\000a\000n\000i\000z\000a\000\347\000\343\000o\000\040\000d\000o\000\040\000D\000o\000c\000u\000m\000e\000n\000t\000o}{chapter.1}% 6
\BOOKMARK [0][-]{chapter.2}{\376\377\000E\000l\000e\000t\000r\000i\000c\000i\000d\000a\000d\000e\000\040\000C\000e\000r\000e\000b\000r\000a\000l}{}% 7
\BOOKMARK [1][-]{section.2.1}{\376\377\000C\000o\000r\000r\000e\000n\000t\000e\000s\000\040\000E\000l\000\351\000t\000r\000i\000c\000a\000s}{chapter.2}% 8
\BOOKMARK [1][-]{section.2.2}{\376\377\000N\000e\000u\000r\000\364\000n\000i\000o\000s}{chapter.2}% 9
\BOOKMARK [2][-]{subsection.2.2.1}{\376\377\000I\000m\000p\000u\000l\000s\000o\000s\000\040\000N\000e\000r\000v\000o\000s\000o\000s\000\040\000e\000\040\000P\000o\000t\000e\000n\000c\000i\000a\000l\000\040\000d\000e\000\040\000A\000\347\000\343\000o}{section.2.2}% 10
\BOOKMARK [1][-]{section.2.3}{\376\377\000E\000l\000e\000t\000r\000o\000e\000n\000c\000e\000f\000a\000l\000o\000g\000r\000a\000m\000a}{chapter.2}% 11
\BOOKMARK [1][-]{section.2.4}{\376\377\000O\000n\000d\000a\000s\000\040\000C\000e\000r\000e\000b\000r\000a\000i\000s}{chapter.2}% 12
\BOOKMARK [2][-]{subsection.2.4.1}{\376\377\000S\000i\000s\000t\000e\000m\000a\000\040\000I\000n\000t\000e\000r\000n\000a\000c\000i\000o\000n\000a\000l\000\040\0001\0000\000/\0002\0000\000\040\000d\000e\000\040\000P\000o\000s\000i\000c\000i\000o\000n\000a\000m\000e\000n\000t\000o\000\040\000d\000e\000\040\000E\000l\000e\000t\000r\000o\000d\000o\000s}{section.2.4}% 13
\BOOKMARK [2][-]{subsection.2.4.2}{\376\377\000T\000i\000p\000o\000s\000\040\000d\000e\000\040\000E\000l\000e\000t\000r\000o\000d\000o\000s\000\040\000p\000a\000r\000a\000\040\000C\000a\000p\000t\000u\000r\000a\000\040\000d\000e\000\040\000E\000E\000G}{section.2.4}% 14
\BOOKMARK [0][-]{chapter.3}{\376\377\000R\000a\000s\000t\000r\000e\000a\000m\000e\000n\000t\000o\000\040\000O\000c\000u\000l\000a\000r}{}% 15
\BOOKMARK [1][-]{section.3.1}{\376\377\000A\000n\000a\000t\000o\000m\000i\000a\000\040\000O\000c\000u\000l\000a\000r}{chapter.3}% 16
\BOOKMARK [1][-]{section.3.2}{\376\377\000E\000q\000u\000i\000p\000a\000m\000e\000n\000t\000o\000s\000\040\000d\000e\000\040\000R\000a\000s\000t\000r\000e\000a\000m\000e\000n\000t\000o}{chapter.3}% 17
\BOOKMARK [1][-]{section.3.3}{\376\377\000E\000l\000e\000t\000r\000o\000o\000c\000u\000l\000o\000g\000r\000a\000m\000a}{chapter.3}% 18
\BOOKMARK [0][-]{chapter.4}{\376\377\000D\000a\000t\000a\000s\000e\000t\000s\000\040\000F\000i\000s\000i\000o\000l\000\363\000g\000i\000c\000o\000s}{}% 19
\BOOKMARK [1][-]{section.4.1}{\376\377\000A\000q\000u\000i\000s\000i\000\347\000\343\000o\000\040\000d\000e\000\040\000E\000E\000G\000\040\000e\000\040\000E\000T}{chapter.4}% 20
\BOOKMARK [1][-]{section.4.2}{\376\377\000P\000r\000\351\000-\000p\000r\000o\000c\000e\000s\000s\000a\000m\000e\000n\000t\000o\000\040\000d\000e\000\040\000E\000E\000G}{chapter.4}% 21
\BOOKMARK [1][-]{section.4.3}{\376\377\000A\000\040\000F\000u\000s\000\343\000o\000\040\000d\000e\000\040\000D\000a\000d\000o\000s}{chapter.4}% 22
\BOOKMARK [0][-]{chapter.5}{\376\377\000M\000\351\000t\000o\000d\000o\000s\000\040\000d\000e\000\040\000C\000o\000n\000s\000t\000r\000u\000\347\000\343\000o\000\040\000e\000\040\000U\000s\000o\000\040\000d\000e\000\040\000D\000a\000t\000a\000s\000e\000t\000s\000\040\000d\000e\000\040\000E\000E\000G\000\040\000e\000\040\000E\000T}{}% 23
\BOOKMARK [0][-]{chapter.6}{\376\377\000E\000q\000u\000i\000p\000a\000m\000e\000n\000t\000o\000s\000\040\000C\000o\000m\000e\000r\000c\000i\000a\000i\000s\000\040\000n\000a\000\040\000P\000e\000s\000q\000u\000i\000s\000a}{}% 24
\BOOKMARK [1][-]{section.6.1}{\376\377\000C\000o\000n\000s\000i\000d\000e\000r\000a\000\347\000\365\000e\000s\000\040\000F\000i\000n\000a\000i\000s}{chapter.6}% 25
\BOOKMARK [0][-]{chapter.7}{\376\377\000S\000i\000n\000c\000r\000o\000n\000i\000z\000a\000\347\000\343\000o}{}% 26
\BOOKMARK [1][-]{section.7.1}{\376\377\000S\000i\000n\000c\000r\000o\000n\000i\000z\000a\000\347\000\343\000o\000\040\000c\000o\000m\000\040\000T\000i\000m\000e\000c\000o\000d\000e}{chapter.7}% 27
\BOOKMARK [1][-]{section.7.2}{\376\377\000S\000i\000n\000c\000r\000o\000n\000i\000z\000a\000\347\000\343\000o\000\040\000c\000o\000m\000\040\000P\000i\000s\000c\000a\000d\000a\000s}{chapter.7}% 28
\BOOKMARK [1][-]{section.7.3}{\376\377\000C\000a\000l\000c\000u\000l\000a\000r\000\040\000a\000\040\000S\000i\000n\000c\000r\000o\000n\000i\000z\000a\000\347\000\343\000o}{chapter.7}% 29
\BOOKMARK [0][-]{chapter.8}{\376\377\000M\000a\000t\000e\000r\000i\000a\000i\000s\000\040\000e\000\040\000M\000\351\000t\000o\000d\000o\000s}{}% 30
\BOOKMARK [1][-]{section.8.1}{\376\377\000C\000o\000n\000s\000t\000r\000u\000\347\000\343\000o\000\040\000d\000a\000\040\000F\000e\000r\000r\000a\000m\000e\000n\000t\000a}{chapter.8}% 31
\BOOKMARK [2][-]{subsection.8.1.1}{\376\377\000M\000i\000n\000d\000w\000a\000v\000e\000\040\000M\000o\000b\000i\000l\000e\000\040\000I\000I}{section.8.1}% 32
\BOOKMARK [2][-]{subsection.8.1.2}{\376\377\000G\000a\000z\000e\000p\000o\000i\000n\000t\000\040\000G\000P\0003}{section.8.1}% 33
\BOOKMARK [1][-]{section.8.2}{\376\377\000L\000i\000n\000g\000u\000a\000g\000e\000n\000s\000\040\000d\000e\000\040\000P\000r\000o\000g\000r\000a\000m\000a\000\347\000\343\000o\000\040\000e\000\040\000S\000o\000f\000t\000w\000a\000r\000e\000s}{chapter.8}% 34
\BOOKMARK [2][-]{subsection.8.2.1}{\376\377\000O\000r\000a\000n\000g\000e}{section.8.2}% 35
\BOOKMARK [2][-]{subsection.8.2.2}{\376\377\000P\000y\000t\000h\000o\000n}{section.8.2}% 36
\BOOKMARK [2][-]{subsection.8.2.3}{\376\377\000M\000A\000T\000L\000A\000B}{section.8.2}% 37
\BOOKMARK [1][-]{section.8.3}{\376\377\000P\000r\000o\000t\000o\000c\000o\000l\000o\000\040\000d\000e\000\040\000C\000o\000l\000e\000t\000a}{chapter.8}% 38
\BOOKMARK [2][-]{subsection.8.3.1}{\376\377\000P\000r\000e\000p\000a\000r\000o\000\040\000d\000e\000\040\000C\000o\000l\000e\000t\000a}{section.8.3}% 39
\BOOKMARK [2][-]{subsection.8.3.2}{\376\377\000R\000e\000g\000r\000e\000s\000s\000\343\000o\000\040\000L\000o\000g\000\355\000s\000t\000i\000c\000a}{section.8.3}% 40
\BOOKMARK [2][-]{subsection.8.3.3}{\376\377\000F\000l\000o\000r\000e\000s\000t\000a\000\040\000A\000l\000e\000a\000t\000\363\000r\000i\000a}{section.8.3}% 41
\BOOKMARK [2][-]{subsection.8.3.4}{\376\377\000S\000u\000p\000p\000o\000r\000t\000\040\000V\000e\000c\000t\000o\000r\000\040\000M\000a\000c\000h\000i\000n\000e\000\040\000-\000\040\000S\000V\000M}{section.8.3}% 42
\BOOKMARK [2][-]{subsection.8.3.5}{\376\377\000R\000e\000d\000e\000\040\000N\000e\000u\000r\000a\000l}{section.8.3}% 43
\BOOKMARK [2][-]{subsection.8.3.6}{\376\377\000C\000u\000r\000v\000a\000\040\000R\000O\000C}{section.8.3}% 44
\BOOKMARK [2][-]{subsection.8.3.7}{\376\377\000M\000a\000t\000r\000i\000z\000\040\000d\000e\000\040\000C\000o\000n\000f\000u\000s\000\343\000o}{section.8.3}% 45
\BOOKMARK [0][-]{chapter.9}{\376\377\000R\000e\000s\000u\000l\000t\000a\000d\000o\000s}{}% 46
\BOOKMARK [1][-]{section.9.1}{\376\377\000C\000o\000n\000s\000t\000r\000u\000\347\000\343\000o\000\040\000d\000o\000\040\000D\000a\000t\000a\000s\000e\000t}{chapter.9}% 47
\BOOKMARK [1][-]{section.9.2}{\376\377\000S\000i\000n\000c\000r\000o\000n\000i\000z\000a\000\347\000\343\000o}{chapter.9}% 48
\BOOKMARK [0][-]{chapter.10}{\376\377\000D\000i\000s\000c\000u\000s\000s\000\343\000o}{}% 49
\BOOKMARK [0][-]{chapter.11}{\376\377\000C\000o\000n\000c\000l\000u\000s\000\343\000o}{}% 50
\BOOKMARK [0][-]{chapter.11}{\376\377\000L\000i\000s\000t\000a\000\040\000d\000e\000\040\000R\000e\000f\000e\000r\000\352\000n\000c\000i\000a\000s}{}% 51
\BOOKMARK [0][-]{apendice.1}{\376\377\000A\000p\000\352\000n\000d\000i\000c\000e\000\040\000A}{}% 52
\BOOKMARK [0][-]{apendice.2}{\376\377\000A\000p\000\352\000n\000d\000i\000c\000e\000\040\000B}{}% 53
\BOOKMARK [0][-]{anexo.1}{\376\377\000A\000n\000e\000x\000o\000\040\000A}{}% 54
\BOOKMARK [0][-]{anexo.2}{\376\377\000A\000n\000e\000x\000o\000\040\000B}{}% 55
