\BOOKMARK [0][-]{chapter.1}{\376\377\000I\000n\000t\000r\000o\000d\000u\000\347\000\343\000o}{}% 1
\BOOKMARK [1][-]{section.1.1}{\376\377\000O\000b\000s\000e\000r\000v\000a\000\347\000\365\000e\000s\000\040\000S\000o\000b\000r\000e\000\040\000C\000i\000t\000a\000\347\000\365\000e\000s}{chapter.1}% 2
\BOOKMARK [1][-]{section.1.2}{\376\377\000O\000b\000s\000e\000r\000v\000a\000\347\000\365\000e\000s\000\040\000S\000o\000b\000r\000e\000\040\000o\000\040\000U\000s\000o\000\040\000d\000e\000\040\000S\000i\000g\000l\000a\000s}{chapter.1}% 3
\BOOKMARK [1][-]{section.1.3}{\376\377\000O\000b\000j\000e\000t\000i\000v\000o\000s}{chapter.1}% 4
\BOOKMARK [2][-]{subsection.1.3.1}{\376\377\000O\000b\000j\000e\000t\000i\000v\000o\000\040\000G\000e\000r\000a\000l}{section.1.3}% 5
\BOOKMARK [2][-]{subsection.1.3.2}{\376\377\000O\000b\000j\000e\000t\000i\000v\000o\000s\000\040\000E\000s\000p\000e\000c\000\355\000f\000i\000c\000o\000s}{section.1.3}% 6
\BOOKMARK [0][-]{chapter.2}{\376\377\000S\000i\000n\000c\000r\000o\000n\000i\000z\000a\000\347\000\343\000o}{}% 7
\BOOKMARK [1][-]{section.2.1}{\376\377\000F\000r\000e\000q\000u\000\352\000n\000c\000i\000a\000\040\000d\000e\000\040\000C\000o\000l\000e\000t\000a}{chapter.2}% 8
\BOOKMARK [2][-]{subsection.2.1.1}{\376\377\000F\000r\000e\000q\000u\000\352\000n\000c\000i\000a\000\040\000N\000y\000q\000u\000i\000s\000t}{section.2.1}% 9
\BOOKMARK [1][-]{section.2.2}{\376\377\000S\000i\000n\000c\000r\000o\000n\000i\000z\000a\000\347\000\343\000o\000\040\000c\000o\000m\000\040\000T\000i\000m\000e\000c\000o\000d\000e}{chapter.2}% 10
\BOOKMARK [1][-]{section.2.3}{\376\377\000S\000i\000n\000c\000r\000o\000n\000i\000z\000a\000\347\000\343\000o\000\040\000c\000o\000m\000\040\000P\000i\000s\000c\000a\000d\000a\000s}{chapter.2}% 11
\BOOKMARK [2][-]{subsection.2.3.1}{\376\377\000I\000d\000e\000n\000t\000i\000f\000i\000c\000a\000\347\000\343\000o\000\040\000n\000o\000\040\000S\000i\000n\000a\000l\000\040\000d\000o\000\040\000E\000E\000G}{section.2.3}% 12
\BOOKMARK [2][-]{subsection.2.3.2}{\376\377\000I\000d\000e\000n\000t\000i\000f\000i\000c\000a\000\347\000\343\000o\000\040\000n\000o\000\040\000S\000i\000n\000a\000l\000\040\000d\000e\000\040\000E\000T}{section.2.3}% 13
\BOOKMARK [2][-]{subsection.2.3.3}{\376\377\000C\000o\000r\000r\000e\000l\000a\000\347\000\343\000o\000\040\000C\000r\000u\000z\000a\000d\000a}{section.2.3}% 14
\BOOKMARK [1][-]{section.2.4}{\376\377\000C\000\363\000d\000i\000g\000o\000s\000\040\000p\000a\000r\000a\000\040\000S\000i\000n\000c\000r\000o\000n\000i\000z\000a\000\347\000\343\000o}{chapter.2}% 15
\BOOKMARK [0][-]{chapter.3}{\376\377\000F\000u\000n\000d\000a\000m\000e\000n\000t\000a\000\347\000\343\000o\000\040\000T\000e\000\363\000r\000i\000c\000a}{}% 16
\BOOKMARK [1][-]{section.3.1}{\376\377\000O\000b\000s\000e\000r\000v\000a\000\347\000\365\000e\000s\000\040\000S\000o\000b\000r\000e\000\040\000F\000i\000g\000u\000r\000a\000s}{chapter.3}% 17
\BOOKMARK [1][-]{section.3.2}{\376\377\000O\000b\000s\000e\000r\000v\000a\000\347\000\365\000e\000s\000\040\000S\000o\000b\000r\000e\000\040\000E\000q\000u\000a\000\347\000\365\000e\000s}{chapter.3}% 18
\BOOKMARK [0][-]{chapter.4}{\376\377\000M\000a\000t\000e\000r\000i\000a\000i\000s\000\040\000e\000\040\000M\000\351\000t\000o\000d\000o\000s}{}% 19
\BOOKMARK [1][-]{section.4.1}{\376\377\000D\000i\000c\000a\000s\000\040\000p\000a\000r\000a\000\040\000o\000\040\000c\000a\000p\000\355\000t\000u\000l\000o}{chapter.4}% 20
\BOOKMARK [1][-]{section.4.2}{\376\377\000O\000b\000s\000e\000r\000v\000a\000\347\000\365\000e\000s\000\040\000S\000o\000b\000r\000e\000\040\000Q\000u\000a\000d\000r\000o\000s\000\040\000e\000\040\000T\000a\000b\000e\000l\000a\000s}{chapter.4}% 21
\BOOKMARK [0][-]{chapter.5}{\376\377\000R\000e\000s\000u\000l\000t\000a\000d\000o\000s\000\040\000e\000\040\000D\000i\000s\000c\000u\000s\000s\000\365\000e\000s}{}% 22
\BOOKMARK [0][-]{chapter.6}{\376\377\000C\000o\000n\000c\000l\000u\000s\000\343\000o}{}% 23
\BOOKMARK [0][-]{chapter.6}{\376\377\000L\000i\000s\000t\000a\000\040\000d\000e\000\040\000R\000e\000f\000e\000r\000\352\000n\000c\000i\000a\000s}{}% 24
\BOOKMARK [0][-]{apendice.1}{\376\377\000A\000p\000\352\000n\000d\000i\000c\000e\000\040\000A}{}% 25
\BOOKMARK [0][-]{apendice.2}{\376\377\000A\000p\000\352\000n\000d\000i\000c\000e\000\040\000B}{}% 26
\BOOKMARK [0][-]{anexo.1}{\376\377\000A\000n\000e\000x\000o\000\040\000A}{}% 27
\BOOKMARK [0][-]{anexo.2}{\376\377\000A\000n\000e\000x\000o\000\040\000B}{}% 28
